2023-01-19 18:57:02,724  INFO [main] LoginTest:19 - ****************************************Launching Chrome and URL*********************************************************
2023-01-19 18:57:02,955 DEBUG [main] InternalLoggerFactory:89 - Using Log4J as the default logging framework
2023-01-19 18:57:02,958 DEBUG [main] ResourceLeakDetector:129 - -Dio.netty.leakDetection.level: simple
2023-01-19 18:57:02,958 DEBUG [main] ResourceLeakDetector:130 - -Dio.netty.leakDetection.targetRecords: 4
2023-01-19 18:57:02,964 DEBUG [main] ResourceLeakDetectorFactory:196 - Loaded default ResourceLeakDetector: io.netty.util.ResourceLeakDetector@7920ba90
2023-01-19 18:57:02,975 DEBUG [main] PlatformDependent0:496 - -Dio.netty.noUnsafe: false
2023-01-19 18:57:02,976 DEBUG [main] PlatformDependent0:1000 - Java version: 8
2023-01-19 18:57:02,976 DEBUG [main] PlatformDependent0:137 - sun.misc.Unsafe.theUnsafe: available
2023-01-19 18:57:02,977 DEBUG [main] PlatformDependent0:161 - sun.misc.Unsafe.copyMemory: available
2023-01-19 18:57:02,977 DEBUG [main] PlatformDependent0:193 - sun.misc.Unsafe.storeFence: available
2023-01-19 18:57:02,978 DEBUG [main] PlatformDependent0:236 - java.nio.Buffer.address: available
2023-01-19 18:57:02,978 DEBUG [main] PlatformDependent0:307 - direct buffer constructor: available
2023-01-19 18:57:02,979 DEBUG [main] PlatformDependent0:385 - java.nio.Bits.unaligned: available, true
2023-01-19 18:57:02,979 DEBUG [main] PlatformDependent0:459 - jdk.internal.misc.Unsafe.allocateUninitializedArray(int): unavailable prior to Java9
2023-01-19 18:57:02,980 DEBUG [main] PlatformDependent0:482 - java.nio.DirectByteBuffer.<init>(long, int): available
2023-01-19 18:57:02,980 DEBUG [main] PlatformDependent:1159 - sun.misc.Unsafe: available
2023-01-19 18:57:02,981 DEBUG [main] PlatformDependent:1289 - -Dio.netty.tmpdir: /var/folders/cg/cbl7fr29127bkf8n2wzyqd6w0000gn/T (java.io.tmpdir)
2023-01-19 18:57:02,982 DEBUG [main] PlatformDependent:1368 - -Dio.netty.bitMode: 64 (sun.arch.data.model)
2023-01-19 18:57:02,982 DEBUG [main] PlatformDependent:1127 - Platform: MacOS
2023-01-19 18:57:02,985 DEBUG [main] PlatformDependent:178 - -Dio.netty.maxDirectMemory: 1908932608 bytes
2023-01-19 18:57:02,985 DEBUG [main] PlatformDependent:185 - -Dio.netty.uninitializedArrayAllocationThreshold: -1
2023-01-19 18:57:02,986 DEBUG [main] CleanerJava6:92 - java.nio.ByteBuffer.cleaner(): available
2023-01-19 18:57:02,987 DEBUG [main] PlatformDependent:205 - -Dio.netty.noPreferDirect: false
2023-01-19 18:57:02,992 DEBUG [main] PlatformDependent:1010 - org.jctools-core.MpscChunkedArrayQueue: available
2023-01-19 18:57:03,008 DEBUG [main] InternalThreadLocalMap:86 - -Dio.netty.threadLocalMap.stringBuilder.initialSize: 1024
2023-01-19 18:57:03,008 DEBUG [main] InternalThreadLocalMap:89 - -Dio.netty.threadLocalMap.stringBuilder.maxSize: 4096
2023-01-19 18:57:03,396 DEBUG [main] JdkSslContext:83 - Default protocols (JDK): [TLSv1.3, TLSv1.2] 
2023-01-19 18:57:03,396 DEBUG [main] JdkSslContext:84 - Default cipher suites (JDK): [TLS_ECDHE_ECDSA_WITH_AES_256_GCM_SHA384, TLS_ECDHE_ECDSA_WITH_AES_128_GCM_SHA256, TLS_ECDHE_RSA_WITH_AES_128_GCM_SHA256, TLS_ECDHE_RSA_WITH_AES_256_GCM_SHA384, TLS_ECDHE_RSA_WITH_AES_128_CBC_SHA, TLS_ECDHE_RSA_WITH_AES_256_CBC_SHA, TLS_RSA_WITH_AES_128_GCM_SHA256, TLS_RSA_WITH_AES_128_CBC_SHA, TLS_RSA_WITH_AES_256_CBC_SHA, TLS_AES_128_GCM_SHA256, TLS_AES_256_GCM_SHA384]
2023-01-19 18:57:03,413 DEBUG [main] MultithreadEventLoopGroup:44 - -Dio.netty.eventLoopThreads: 16
2023-01-19 18:57:03,418 DEBUG [main] NioEventLoop:110 - -Dio.netty.noKeySetOptimization: false
2023-01-19 18:57:03,418 DEBUG [main] NioEventLoop:111 - -Dio.netty.selectorAutoRebuildThreshold: 512
2023-01-19 18:57:03,438 DEBUG [main] PooledByteBufAllocator:157 - -Dio.netty.allocator.numHeapArenas: 16
2023-01-19 18:57:03,438 DEBUG [main] PooledByteBufAllocator:158 - -Dio.netty.allocator.numDirectArenas: 16
2023-01-19 18:57:03,438 DEBUG [main] PooledByteBufAllocator:160 - -Dio.netty.allocator.pageSize: 8192
2023-01-19 18:57:03,438 DEBUG [main] PooledByteBufAllocator:165 - -Dio.netty.allocator.maxOrder: 9
2023-01-19 18:57:03,438 DEBUG [main] PooledByteBufAllocator:169 - -Dio.netty.allocator.chunkSize: 4194304
2023-01-19 18:57:03,438 DEBUG [main] PooledByteBufAllocator:170 - -Dio.netty.allocator.smallCacheSize: 256
2023-01-19 18:57:03,439 DEBUG [main] PooledByteBufAllocator:171 - -Dio.netty.allocator.normalCacheSize: 64
2023-01-19 18:57:03,439 DEBUG [main] PooledByteBufAllocator:172 - -Dio.netty.allocator.maxCachedBufferCapacity: 32768
2023-01-19 18:57:03,439 DEBUG [main] PooledByteBufAllocator:173 - -Dio.netty.allocator.cacheTrimInterval: 8192
2023-01-19 18:57:03,439 DEBUG [main] PooledByteBufAllocator:174 - -Dio.netty.allocator.cacheTrimIntervalMillis: 0
2023-01-19 18:57:03,439 DEBUG [main] PooledByteBufAllocator:175 - -Dio.netty.allocator.useCacheForAllThreads: false
2023-01-19 18:57:03,440 DEBUG [main] PooledByteBufAllocator:176 - -Dio.netty.allocator.maxCachedByteBuffersPerChunk: 1023
2023-01-19 18:57:03,447 DEBUG [main] ByteBufUtil:87 - -Dio.netty.allocator.type: pooled
2023-01-19 18:57:03,449 DEBUG [main] ByteBufUtil:96 - -Dio.netty.threadLocalDirectBufferSize: 0
2023-01-19 18:57:03,449 DEBUG [main] ByteBufUtil:99 - -Dio.netty.maxThreadLocalCharBufferSize: 16384
2023-01-19 18:57:03,816 DEBUG [Forwarding newSession on session null to remote] DefaultChannelId:79 - -Dio.netty.processId: 12081 (auto-detected)
2023-01-19 18:57:03,818 DEBUG [Forwarding newSession on session null to remote] NetUtil:136 - -Djava.net.preferIPv4Stack: false
2023-01-19 18:57:03,818 DEBUG [Forwarding newSession on session null to remote] NetUtil:137 - -Djava.net.preferIPv6Addresses: false
2023-01-19 18:57:03,819 DEBUG [Forwarding newSession on session null to remote] NetUtilInitializations:129 - Loopback interface: lo0 (lo0, 0:0:0:0:0:0:0:1%lo0)
2023-01-19 18:57:03,820 DEBUG [Forwarding newSession on session null to remote] NetUtil:191 - Failed to get SOMAXCONN from sysctl and file /proc/sys/net/core/somaxconn. Default: 128
2023-01-19 18:57:03,821 DEBUG [Forwarding newSession on session null to remote] DefaultChannelId:101 - -Dio.netty.machineId: 1c:57:dc:ff:fe:47:7d:f6 (auto-detected)
2023-01-19 18:57:03,859 DEBUG [AsyncHttpClient-1-2] AbstractByteBuf:63 - -Dio.netty.buffer.checkAccessible: true
2023-01-19 18:57:03,859 DEBUG [AsyncHttpClient-1-2] AbstractByteBuf:64 - -Dio.netty.buffer.checkBounds: true
2023-01-19 18:57:03,859 DEBUG [AsyncHttpClient-1-2] ResourceLeakDetectorFactory:196 - Loaded default ResourceLeakDetector: io.netty.util.ResourceLeakDetector@5c73aea
2023-01-19 18:57:03,874 DEBUG [AsyncHttpClient-1-2] Recycler:85 - -Dio.netty.recycler.maxCapacityPerThread: 4096
2023-01-19 18:57:03,888 DEBUG [AsyncHttpClient-1-2] Recycler:86 - -Dio.netty.recycler.ratio: 8
2023-01-19 18:57:03,888 DEBUG [AsyncHttpClient-1-2] Recycler:87 - -Dio.netty.recycler.chunkSize: 32
2023-01-19 18:57:03,888 DEBUG [AsyncHttpClient-1-2] Recycler:88 - -Dio.netty.recycler.blocking: false
2023-01-19 18:57:09,897 DEBUG [AsyncHttpClient-1-2] Brotli:38 - brotli4j not in the classpath; Brotli support will be unavailable.
2023-01-19 18:57:10,003 DEBUG [main] ThreadLocalRandom:214 - -Dio.netty.initialSeedUniquifier: 0x5b6ffe699c65faba
2023-01-19 18:57:22,357  INFO [main] LoginTest:27 - ********************************************Executing TestCases***********************************************************
2023-01-19 18:57:22,426  INFO [main] LoginTest:39 - *******************************************Closing Browser*****************************************************
2023-01-19 18:57:22,542  INFO [main] LoginTest:19 - ****************************************Launching Chrome and URL*********************************************************
2023-01-19 18:57:37,912  INFO [main] LoginTest:39 - *******************************************Closing Browser*****************************************************
